<?xml version="1.0" encoding="UTF-8"?>
<!-- Generated by org.testng.reporters.JUnitReportReporter -->
<testsuite hostname="DESKTOP-4QAKB7V" failures="0" tests="1" name="cloudbank.test.useractivation" time="26.541" errors="0" timestamp="2021-05-30T20:05:25 IST" skipped="0">
  <testcase classname="cloudbank.test.useractivation" name="ClientCreation" time="26.541"/>
</testsuite> <!-- cloudbank.test.useractivation -->
